<?xml version="1.0" encoding="UTF-8"?>
<!-- Generated by org.testng.reporters.JUnitReportReporter -->
<testsuite hostname="AryaKS" failures="0" tests="1" name="com.pratice.testCases.TC_LoginTest" time="2.930" errors="0" timestamp="2020-05-08T19:56:01 NPT" skipped="0">
  <testcase classname="com.pratice.testCases.TC_LoginTest" name="LoginTest" time="2.930"/>
  <system-out/>
</testsuite> <!-- com.pratice.testCases.TC_LoginTest -->
