<?xml version="1.0" encoding="UTF-8"?>
<!-- Generated by org.testng.reporters.JUnitReportReporter -->
<testsuite hostname="AryaKS" failures="0" tests="1" name="com.pratice.testCases.TC_AddCustomerTest" time="22.524" errors="0" timestamp="2020-05-08T19:56:01 NPT" skipped="0">
  <testcase classname="com.pratice.testCases.TC_AddCustomerTest" name="addNewCustomer" time="22.524"/>
  <system-out/>
</testsuite> <!-- com.pratice.testCases.TC_AddCustomerTest -->
